10:48:58.414 [main] INFO  api.test.StudentTests - ***** Creating Student ******
10:49:00.015 [main] INFO  api.test.StudentTests - ***** Student is Created ******
10:49:00.036 [main] INFO  api.test.StudentTests - ***** Reading Student ******
10:49:00.116 [main] INFO  api.test.StudentTests - ***** Got the Student Details ******
10:49:00.121 [main] INFO  api.test.StudentTests - ***** Updating Student ******
10:49:00.179 [main] INFO  api.test.StudentTests - ***** Updated Student ******
10:49:00.184 [main] INFO  api.test.StudentTests - ***** Deleting Student ******
10:49:00.224 [main] INFO  api.test.StudentTests - ***** Deleted Student ******
16:18:31.934 [main] INFO  api.test.StudentTests2 - ----- Creating a New Student ------
16:18:31.947 [main] INFO  api.test.StudentTests2 - ----- Getting the Details of a New Student ------
16:18:31.954 [main] INFO  api.test.StudentTests2 - ----- Updating the Details of a New Student ------
16:18:31.960 [main] INFO  api.test.StudentTests2 - ----- Deleting the New Student ------
16:22:04.705 [main] INFO  api.test.StudentTests2 - ----- Creating a New Student ------
16:22:06.297 [main] INFO  api.test.StudentTests2 - ----- Getting the Details of a New Student ------
16:22:06.369 [main] INFO  api.test.StudentTests2 - ----- Updating the Details of a New Student ------
16:22:06.391 [main] INFO  api.test.StudentTests2 - ----- Deleting the New Student ------
16:27:50.629 [main] INFO  api.test.StudentTests2 - ----- Creating a New Student ------
16:27:51.636 [main] INFO  api.test.StudentTests2 - ----- Getting the Details of a New Student ------
16:27:51.659 [main] INFO  api.test.StudentTests2 - ----- Updating the Details of a New Student ------
16:27:51.680 [main] INFO  api.test.StudentTests2 - ----- Deleting the New Student ------
16:33:06.799 [main] INFO  api.test.StudentTests2 - ----- Creating a New Student ------
16:33:07.669 [main] INFO  api.test.StudentTests2 - ----- Getting the Details of a New Student ------
16:33:07.691 [main] INFO  api.test.StudentTests2 - ----- Updating the Details of a New Student ------
16:33:07.709 [main] INFO  api.test.StudentTests2 - ----- Deleting the New Student ------
16:52:11.672 [main] INFO  api.test.StudentTests2 - ----- Creating a New Student ------
16:52:12.596 [main] INFO  api.test.StudentTests2 - ----- Getting the Details of a New Student ------
16:52:12.623 [main] INFO  api.test.StudentTests2 - ----- Updating the Details of a New Student ------
16:52:12.640 [main] INFO  api.test.StudentTests2 - ----- Deleting the New Student ------
16:57:02.096 [main] INFO  api.test.StudentTests2 - ----- Creating a New Student ------
16:57:03.000 [main] INFO  api.test.StudentTests2 - ----- Getting the Details of a New Student ------
16:57:03.021 [main] INFO  api.test.StudentTests2 - ----- Updating the Details of a New Student ------
16:57:03.036 [main] INFO  api.test.StudentTests2 - ----- Deleting the New Student ------
17:04:16.309 [main] INFO  api.test.StudentTests2 - ----- Creating a New Student ------
17:04:17.219 [main] INFO  api.test.StudentTests2 - ----- Getting the Details of a New Student ------
17:04:17.236 [main] INFO  api.test.StudentTests2 - ----- Updating the Details of a New Student ------
17:04:17.249 [main] INFO  api.test.StudentTests2 - ----- Deleting the New Student ------
17:05:39.062 [main] INFO  api.test.StudentTests - ***** Creating Student ******
17:05:40.836 [main] INFO  api.test.StudentTests - ***** Student is Created ******
17:05:40.842 [main] INFO  api.test.StudentTests - ***** Reading Student ******
17:05:40.898 [main] INFO  api.test.StudentTests - ***** Got the Student Details ******
17:05:40.902 [main] INFO  api.test.StudentTests - ***** Updating Student ******
17:05:40.929 [main] INFO  api.test.StudentTests - ***** Updated Student ******
17:05:40.931 [main] INFO  api.test.StudentTests - ***** Deleting Student ******
17:05:40.961 [main] INFO  api.test.StudentTests - ***** Deleted Student ******
17:06:21.987 [main] INFO  api.test.StudentTests2 - ----- Creating a New Student ------
17:06:22.866 [main] INFO  api.test.StudentTests2 - ----- Getting the Details of a New Student ------
17:06:22.887 [main] INFO  api.test.StudentTests2 - ----- Updating the Details of a New Student ------
17:06:22.902 [main] INFO  api.test.StudentTests2 - ----- Deleting the New Student ------
17:07:01.597 [main] INFO  api.test.StudentTests2 - ----- Creating a New Student ------
17:07:02.543 [main] INFO  api.test.StudentTests2 - ----- Getting the Details of a New Student ------
17:07:02.564 [main] INFO  api.test.StudentTests2 - ----- Updating the Details of a New Student ------
17:07:02.579 [main] INFO  api.test.StudentTests2 - ----- Deleting the New Student ------
17:15:30.360 [main] INFO  api.test.StudentTests2 - ----- Creating a New Student ------
17:15:31.281 [main] INFO  api.test.StudentTests2 - ----- Getting the Details of a New Student ------
17:15:31.297 [main] INFO  api.test.StudentTests2 - ----- Updating the Details of a New Student ------
17:15:31.314 [main] INFO  api.test.StudentTests2 - ----- Deleting the New Student ------
17:21:25.329 [main] INFO  api.test.StudentTests2 - ----- Creating a New Student ------
17:21:26.952 [main] INFO  api.test.StudentTests2 - ----- Created a New Student ------
17:21:26.958 [main] INFO  api.test.StudentTests2 - ----- Getting the Details of a New Student ------
17:21:27.023 [main] INFO  api.test.StudentTests2 - ----- Got the Details of a New Student ------
17:21:27.027 [main] INFO  api.test.StudentTests2 - ----- Updating the Details of a New Student ------
17:21:27.070 [main] INFO  api.test.StudentTests2 - ----- Updated the Details of a New Student ------
17:21:27.073 [main] INFO  api.test.StudentTests2 - ----- Deleting the New Student ------
17:21:27.116 [main] INFO  api.test.StudentTests2 - ----- Deleted the New Student ------
17:25:20.320 [main] INFO  api.test.StudentTests2 - ----- Creating a New Student ------
17:25:22.263 [main] INFO  api.test.StudentTests2 - ----- Created a New Student ------
17:25:22.278 [main] INFO  api.test.StudentTests2 - ----- Getting the Details of a New Student ------
17:25:22.357 [main] INFO  api.test.StudentTests2 - ----- Got the Details of a New Student ------
17:25:22.362 [main] INFO  api.test.StudentTests2 - ----- Updating the Details of a New Student ------
17:25:22.406 [main] INFO  api.test.StudentTests2 - ----- Updated the Details of a New Student ------
17:25:22.410 [main] INFO  api.test.StudentTests2 - ----- Deleting the New Student ------
17:25:22.466 [main] INFO  api.test.StudentTests2 - ----- Deleted the New Student ------
17:30:16.329 [main] INFO  api.test.StudentTests2 - ----- Creating a New Student ------
17:30:17.936 [main] INFO  api.test.StudentTests2 - ----- Created a New Student ------
17:30:17.956 [main] INFO  api.test.StudentTests2 - ----- Getting the Details of a New Student ------
17:30:18.007 [main] INFO  api.test.StudentTests2 - ----- Got the Details of a New Student ------
17:30:18.010 [main] INFO  api.test.StudentTests2 - ----- Updating the Details of a New Student ------
17:30:18.068 [main] INFO  api.test.StudentTests2 - ----- Updated the Details of a New Student ------
17:30:18.071 [main] INFO  api.test.StudentTests2 - ----- Deleting the New Student ------
17:30:18.116 [main] INFO  api.test.StudentTests2 - ----- Deleted the New Student ------
17:32:24.496 [main] INFO  api.test.StudentTests2 - ----- Creating a New Student ------
17:32:26.090 [main] INFO  api.test.StudentTests2 - ----- Created a New Student ------
17:32:26.105 [main] INFO  api.test.StudentTests2 - ----- Getting the Details of a New Student ------
17:32:26.168 [main] INFO  api.test.StudentTests2 - ----- Got the Details of a New Student ------
17:32:26.168 [main] INFO  api.test.StudentTests2 - ----- Updating the Details of a New Student ------
17:32:26.215 [main] INFO  api.test.StudentTests2 - ----- Updated the Details of a New Student ------
17:32:26.215 [main] INFO  api.test.StudentTests2 - ----- Deleting the New Student ------
17:32:26.262 [main] INFO  api.test.StudentTests2 - ----- Deleted the New Student ------
09:43:34.192 [main] INFO  api.test.StudentTests2 - ----- Creating a New Student ------
09:43:36.778 [main] INFO  api.test.StudentTests2 - ----- Created a New Student ------
09:43:36.808 [main] INFO  api.test.StudentTests2 - ----- Getting the Details of a New Student ------
09:43:36.880 [main] INFO  api.test.StudentTests2 - ----- Got the Details of a New Student ------
09:43:36.882 [main] INFO  api.test.StudentTests2 - ----- Updating the Details of a New Student ------
09:43:36.941 [main] INFO  api.test.StudentTests2 - ----- Updated the Details of a New Student ------
09:43:36.945 [main] INFO  api.test.StudentTests2 - ----- Deleting the New Student ------
09:43:36.989 [main] INFO  api.test.StudentTests2 - ----- Deleted the New Student ------
09:44:49.242 [main] INFO  api.test.StudentTests2 - ----- Creating a New Student ------
09:44:51.038 [main] INFO  api.test.StudentTests2 - ----- Created a New Student ------
09:44:51.064 [main] INFO  api.test.StudentTests2 - ----- Getting the Details of a New Student ------
09:44:51.163 [main] INFO  api.test.StudentTests2 - ----- Got the Details of a New Student ------
09:44:51.167 [main] INFO  api.test.StudentTests2 - ----- Updating the Details of a New Student ------
09:44:51.226 [main] INFO  api.test.StudentTests2 - ----- Updated the Details of a New Student ------
09:44:51.229 [main] INFO  api.test.StudentTests2 - ----- Deleting the New Student ------
09:44:51.289 [main] INFO  api.test.StudentTests2 - ----- Deleted the New Student ------
